<?xml version="1.0" encoding="UTF-8"?>
<!-- Generated by org.testng.reporters.JUnitReportReporter -->
<testsuite skipped="0" hostname="DESKTOP-S5A0FMG" name="MyFirstMavenProject.ApplicationTest" tests="1" failures="0" timestamp="30 May 2017 06:13:28 GMT" time="0.056" errors="0">
  <testcase name="DemoTest" time="0.056" classname="MyFirstMavenProject.ApplicationTest"/>
</testsuite> <!-- MyFirstMavenProject.ApplicationTest -->
