<?xml version="1.0" encoding="UTF-8"?>
<!-- Generated by org.testng.reporters.JUnitReportReporter -->
<testsuite hostname="DESKTOP-S5A0FMG" name="com.wordpress.Testcases.VerifyLogin" tests="2" failures="0" timestamp="18 May 2017 10:59:05 GMT" time="29.353" errors="0">
  <testcase name="GeneratePassword" time="7.650" classname="com.wordpress.Testcases.VerifyLogin"/>
  <testcase name="LoginWordpress" time="21.703" classname="com.wordpress.Testcases.VerifyLogin"/>
</testsuite> <!-- com.wordpress.Testcases.VerifyLogin -->
