<?xml version="1.0" encoding="UTF-8"?>
<!-- Generated by org.testng.reporters.JUnitReportReporter -->
<testsuite hostname="DESKTOP-S5A0FMG" name="selenium_webdriver.Red_Bus" tests="1" failures="0" timestamp="16 Apr 2017 17:25:34 GMT" time="11.103" errors="0">
  <testcase name="Select_Bus" time="11.103" classname="selenium_webdriver.Red_Bus"/>
</testsuite> <!-- selenium_webdriver.Red_Bus -->
