<?xml version="1.0" encoding="UTF-8"?>
<!-- Generated by org.testng.reporters.JUnitReportReporter -->
<testsuite hostname="DESKTOP-S5A0FMG" name="corp.xoxoday.com.ImageVerify" tests="1" failures="0" timestamp="8 Sep 2017 07:18:02 GMT" time="0.051" errors="0">
  <testcase name="invalidImageCount" time="0.051" classname="corp.xoxoday.com.ImageVerify"/>
</testsuite> <!-- corp.xoxoday.com.ImageVerify -->
