<?xml version="1.0" encoding="UTF-8"?>
<!-- Generated by org.testng.reporters.JUnitReportReporter -->
<testsuite hostname="DESKTOP-S5A0FMG" name="corp.xoxoday.com.Screenshot" tests="1" failures="0" timestamp="9 Jun 2017 14:20:01 GMT" time="23.212" errors="0">
  <testcase name="Screenshot_Class" time="23.212" classname="corp.xoxoday.com.Screenshot"/>
</testsuite> <!-- corp.xoxoday.com.Screenshot -->
