<?xml version="1.0" encoding="UTF-8"?>
<!-- Generated by org.testng.reporters.JUnitReportReporter -->
<testsuite hostname="DESKTOP-S5A0FMG" name="corp.xoxoday.com.Multiple_Screenshot" tests="1" failures="0" timestamp="27 Apr 2017 08:36:52 GMT" time="14.438" errors="0">
  <testcase name="Screenshot_Class" time="14.438" classname="corp.xoxoday.com.Multiple_Screenshot"/>
</testsuite> <!-- corp.xoxoday.com.Multiple_Screenshot -->
