<?xml version="1.0" encoding="UTF-8"?>
<!-- Generated by org.testng.reporters.JUnitReportReporter -->
<testsuite hostname="DESKTOP-S5A0FMG" name="corp.xoxoday.com.BoldChar" tests="1" failures="0" timestamp="7 Sep 2017 10:44:22 GMT" time="23.561" errors="0">
  <testcase name="HighlightedChars" time="23.561" classname="corp.xoxoday.com.BoldChar"/>
</testsuite> <!-- corp.xoxoday.com.BoldChar -->
