<?xml version="1.0" encoding="UTF-8"?>
<!-- Generated by org.testng.reporters.JUnitReportReporter -->
<testsuite hostname="DESKTOP-S5A0FMG" name="selenium_webdriver.DataProviderst" tests="3" failures="0" timestamp="5 Sep 2017 11:34:52 GMT" time="0.176" errors="0">
  <testcase name="setData" time="0.080" classname="selenium_webdriver.DataProviderst"/>
  <testcase name="setData" time="0.024" classname="selenium_webdriver.DataProviderst"/>
  <testcase name="setData" time="0.072" classname="selenium_webdriver.DataProviderst"/>
</testsuite> <!-- selenium_webdriver.DataProviderst -->
