<?xml version="1.0" encoding="UTF-8"?>
<!-- Generated by org.testng.reporters.JUnitReportReporter -->
<testsuite hostname="DESKTOP-S5A0FMG" name="corp.xoxoday.com.Refresh_Webpage" tests="2" failures="0" timestamp="16 Apr 2017 06:49:35 GMT" time="180.083" errors="0">
  <testcase name="Refresh" time="150.726" classname="corp.xoxoday.com.Refresh_Webpage"/>
  <testcase name="Key_Refresh" time="29.357" classname="corp.xoxoday.com.Refresh_Webpage"/>
</testsuite> <!-- corp.xoxoday.com.Refresh_Webpage -->
