<?xml version="1.0" encoding="UTF-8"?>
<!-- Generated by org.testng.reporters.JUnitReportReporter -->
<testsuite hostname="DESKTOP-S5A0FMG" name="corp.xoxoday.com.Date_Picker" tests="1" failures="0" timestamp="18 May 2017 10:58:14 GMT" time="3.881" errors="0">
  <testcase name="Choose_Date" time="3.881" classname="corp.xoxoday.com.Date_Picker"/>
</testsuite> <!-- corp.xoxoday.com.Date_Picker -->
