<?xml version="1.0" encoding="UTF-8"?>
<!-- Generated by org.testng.reporters.JUnitReportReporter -->
<testsuite hostname="DESKTOP-S5A0FMG" name="selenium_webdriver.Hover" tests="1" failures="0" timestamp="25 Mar 2017 13:25:25 GMT" time="1.816" errors="0">
  <testcase name="MouseHover" time="1.816" classname="selenium_webdriver.Hover"/>
</testsuite> <!-- selenium_webdriver.Hover -->
