<?xml version="1.0" encoding="UTF-8"?>
<!-- Generated by org.testng.reporters.JUnitReportReporter -->
<testsuite skipped="0" hostname="DESKTOP-S5A0FMG" name="Corp_Excelsheet.Product_List" tests="1" failures="0" timestamp="16 Apr 2017 17:58:34 GMT" time="24.774" errors="0">
  <testcase name="Product_URL_Title" time="24.774" classname="Corp_Excelsheet.Product_List"/>
</testsuite> <!-- Corp_Excelsheet.Product_List -->
