<?xml version="1.0" encoding="UTF-8"?>
<!-- Generated by org.testng.reporters.JUnitReportReporter -->
<testsuite skipped="0" hostname="DESKTOP-S5A0FMG" name="YoutubeLink.Iffco2" tests="2" failures="0" timestamp="26 Mar 2017 16:29:06 GMT" time="12.321" errors="0">
  <testcase name="Select_Product" time="9.427" classname="YoutubeLink.Iffco2"/>
  <testcase name="Quantity_Validation" time="2.894" classname="YoutubeLink.Iffco2"/>
</testsuite> <!-- YoutubeLink.Iffco2 -->
