<?xml version="1.0" encoding="UTF-8"?>
<!-- Generated by org.testng.reporters.JUnitReportReporter -->
<testsuite skipped="0" hostname="DESKTOP-S5A0FMG" name="Corp_Excelsheet.Broken_Links" tests="1" failures="0" timestamp="1 Apr 2017 19:00:14 GMT" time="2.970" errors="0">
  <testcase name="Excel_Read" time="2.970" classname="Corp_Excelsheet.Broken_Links"/>
</testsuite> <!-- Corp_Excelsheet.Broken_Links -->
