<?xml version="1.0" encoding="UTF-8"?>
<!-- Generated by org.testng.reporters.JUnitReportReporter -->
<testsuite hostname="DESKTOP-S5A0FMG" name="MyFirstMavenProject.ApplicationTest" tests="1" failures="0" timestamp="5 May 2017 13:26:30 GMT" time="0.017" errors="0">
  <testcase name="DemoTest" time="0.017" classname="MyFirstMavenProject.ApplicationTest"/>
</testsuite> <!-- MyFirstMavenProject.ApplicationTest -->
